This file contains any messages produced by compilers while
running configure, to aid debugging if configure makes a mistake.

It was created by configure, which was
generated by GNU Autoconf 2.57.  Invocation command line was

  $ ./configure CC=g++ --enable-float

## --------- ##
## Platform. ##
## --------- ##

hostname = raspberrypi
uname -m = armv7l
uname -r = 4.4.11-v7+
uname -s = Linux
uname -v = #888 SMP Mon May 23 20:10:33 BST 2016

/usr/bin/uname -p = unknown
/bin/uname -X     = unknown

/bin/arch              = unknown
/usr/bin/arch -k       = unknown
/usr/convex/getsysinfo = unknown
hostinfo               = unknown
/bin/machine           = unknown
/usr/bin/oslevel       = unknown
/bin/universe          = unknown

PATH: /usr/local/sbin
PATH: /usr/local/bin
PATH: /usr/sbin
PATH: /usr/bin
PATH: /sbin
PATH: /bin


## ----------- ##
## Core tests. ##
## ----------- ##

configure:1500: checking for a BSD-compatible install
configure:1554: result: /usr/bin/install -c
configure:1565: checking whether build environment is sane
configure:1608: result: yes
configure:1641: checking for gawk
configure:1670: result: no
configure:1641: checking for mawk
configure:1657: found /usr/bin/mawk
configure:1667: result: mawk
configure:1677: checking whether make sets $(MAKE)
configure:1697: result: yes
configure:1965: checking type prefix for installed files
configure:1976: result: (none)
configure:2063: checking for vendor's cc to be used instead of gcc
configure:2067: checking for cc
configure:2093: result: g++
configure:2417: checking for C compiler version
configure:2420: g++ --version </dev/null >&5
g++ (Raspbian 4.9.2-10) 4.9.2
Copyright (C) 2014 Free Software Foundation, Inc.
This is free software; see the source for copying conditions.  There is NO
warranty; not even for MERCHANTABILITY or FITNESS FOR A PARTICULAR PURPOSE.

configure:2423: $? = 0
configure:2425: g++ -v </dev/null >&5
Using built-in specs.
COLLECT_GCC=g++
COLLECT_LTO_WRAPPER=/usr/lib/gcc/arm-linux-gnueabihf/4.9/lto-wrapper
Target: arm-linux-gnueabihf
Configured with: ../src/configure -v --with-pkgversion='Raspbian 4.9.2-10' --with-bugurl=file:///usr/share/doc/gcc-4.9/README.Bugs --enable-languages=c,c++,java,go,d,fortran,objc,obj-c++ --prefix=/usr --program-suffix=-4.9 --enable-shared --enable-linker-build-id --libexecdir=/usr/lib --without-included-gettext --enable-threads=posix --with-gxx-include-dir=/usr/include/c++/4.9 --libdir=/usr/lib --enable-nls --with-sysroot=/ --enable-clocale=gnu --enable-libstdcxx-debug --enable-libstdcxx-time=yes --enable-gnu-unique-object --disable-libitm --disable-libquadmath --enable-plugin --with-system-zlib --disable-browser-plugin --enable-java-awt=gtk --enable-gtk-cairo --with-java-home=/usr/lib/jvm/java-1.5.0-gcj-4.9-armhf/jre --enable-java-home --with-jvm-root-dir=/usr/lib/jvm/java-1.5.0-gcj-4.9-armhf --with-jvm-jar-dir=/usr/lib/jvm-exports/java-1.5.0-gcj-4.9-armhf --with-arch-directory=arm --with-ecj-jar=/usr/share/java/eclipse-ecj.jar --enable-objc-gc --enable-multiarch --disable-sjlj-exceptions --with-arch=armv6 --with-fpu=vfp --with-float=hard --enable-checking=release --build=arm-linux-gnueabihf --host=arm-linux-gnueabihf --target=arm-linux-gnueabihf
Thread model: posix
gcc version 4.9.2 (Raspbian 4.9.2-10) 
configure:2428: $? = 0
configure:2430: g++ -V </dev/null >&5
g++: error: unrecognized command line option '-V'
g++: fatal error: no input files
compilation terminated.
configure:2433: $? = 4
configure:2457: checking for C compiler default output
configure:2460: g++    conftest.c  >&5
configure:2463: $? = 0
configure:2509: result: a.out
configure:2514: checking whether the C compiler works
configure:2520: ./a.out
configure:2523: $? = 0
configure:2540: result: yes
configure:2547: checking whether we are cross compiling
configure:2549: result: no
configure:2552: checking for suffix of executables
configure:2554: g++ -o conftest    conftest.c  >&5
configure:2557: $? = 0
configure:2582: result: 
configure:2588: checking for suffix of object files
configure:2610: g++ -c   conftest.c >&5
configure:2613: $? = 0
configure:2635: result: o
configure:2639: checking whether we are using the GNU C compiler
configure:2664: g++ -c   conftest.c >&5
configure:2667: $? = 0
configure:2670: test -s conftest.o
configure:2673: $? = 0
configure:2686: result: yes
configure:2692: checking whether g++ accepts -g
configure:2714: g++ -c -g  conftest.c >&5
configure:2717: $? = 0
configure:2720: test -s conftest.o
configure:2723: $? = 0
configure:2734: result: yes
configure:2751: checking for g++ option to accept ANSI C
configure:2812: g++  -c -g -O2  conftest.c >&5
configure:2776:17: error: 'p' was not declared in this scope
   return p[i];
                 ^
configure:2776:20: error: 'i' was not declared in this scope
   return p[i];
                    ^
configure:2776:21: error: expression list treated as compound expression in initializer [-fpermissive]
   return p[i];
                     ^
configure:2777:6: error: expected ',' or ';' before 'char'
 }
      ^
configure:2779:1: error: expected unqualified-id before '{' token
 {
 ^
configure: In function 'int main()':
configure:2800:21: error: cannot convert 'char*' to 'char* (*)(char**, int)' for argument '1' to 'char* f(char* (*)(char**, int), char**, ...)'
 _ACEOF
                     ^
configure:2800:52: error: cannot convert 'char*' to 'char* (*)(char**, int)' for argument '1' to 'char* f(char* (*)(char**, int), char**, ...)'
 _ACEOF
                                                    ^
configure:2815: $? = 1
configure: failed program was:
| #line 2758 "configure"
| /* confdefs.h.  */
| 
| #define PACKAGE_NAME ""
| #define PACKAGE_TARNAME ""
| #define PACKAGE_VERSION ""
| #define PACKAGE_STRING ""
| #define PACKAGE_BUGREPORT ""
| #define PACKAGE "fftw"
| #define VERSION "2.1.5"
| #define FFTW_ENABLE_FLOAT 1
| /* end confdefs.h.  */
| #include <stdarg.h>
| #include <stdio.h>
| #include <sys/types.h>
| #include <sys/stat.h>
| /* Most of the following tests are stolen from RCS 5.7's src/conf.sh.  */
| struct buf { int x; };
| FILE * (*rcsopen) (struct buf *, struct stat *, int);
| static char *e (p, i)
|      char **p;
|      int i;
| {
|   return p[i];
| }
| static char *f (char * (*g) (char **, int), char **p, ...)
| {
|   char *s;
|   va_list v;
|   va_start (v,p);
|   s = g (p, va_arg (v,int));
|   va_end (v);
|   return s;
| }
| int test (int i, double x);
| struct s1 {int (*f) (int a);};
| struct s2 {int (*f) (double a);};
| int pairnames (int, char **, FILE *(*)(struct buf *, struct stat *, int), int, int);
| int argc;
| char **argv;
| int
| main ()
| {
| return f (e, argv, 0) != argv[0]  ||  f (e, argv, 1) != argv[1];
|   ;
|   return 0;
| }
configure:2812: g++ -qlanglvl=ansi -c -g -O2  conftest.c >&5
g++: error: unrecognized command line option '-qlanglvl=ansi'
configure:2815: $? = 1
configure: failed program was:
| #line 2758 "configure"
| /* confdefs.h.  */
| 
| #define PACKAGE_NAME ""
| #define PACKAGE_TARNAME ""
| #define PACKAGE_VERSION ""
| #define PACKAGE_STRING ""
| #define PACKAGE_BUGREPORT ""
| #define PACKAGE "fftw"
| #define VERSION "2.1.5"
| #define FFTW_ENABLE_FLOAT 1
| /* end confdefs.h.  */
| #include <stdarg.h>
| #include <stdio.h>
| #include <sys/types.h>
| #include <sys/stat.h>
| /* Most of the following tests are stolen from RCS 5.7's src/conf.sh.  */
| struct buf { int x; };
| FILE * (*rcsopen) (struct buf *, struct stat *, int);
| static char *e (p, i)
|      char **p;
|      int i;
| {
|   return p[i];
| }
| static char *f (char * (*g) (char **, int), char **p, ...)
| {
|   char *s;
|   va_list v;
|   va_start (v,p);
|   s = g (p, va_arg (v,int));
|   va_end (v);
|   return s;
| }
| int test (int i, double x);
| struct s1 {int (*f) (int a);};
| struct s2 {int (*f) (double a);};
| int pairnames (int, char **, FILE *(*)(struct buf *, struct stat *, int), int, int);
| int argc;
| char **argv;
| int
| main ()
| {
| return f (e, argv, 0) != argv[0]  ||  f (e, argv, 1) != argv[1];
|   ;
|   return 0;
| }
configure:2812: g++ -std1 -c -g -O2  conftest.c >&5
g++: error: unrecognized command line option '-std1'
configure:2815: $? = 1
configure: failed program was:
| #line 2758 "configure"
| /* confdefs.h.  */
| 
| #define PACKAGE_NAME ""
| #define PACKAGE_TARNAME ""
| #define PACKAGE_VERSION ""
| #define PACKAGE_STRING ""
| #define PACKAGE_BUGREPORT ""
| #define PACKAGE "fftw"
| #define VERSION "2.1.5"
| #define FFTW_ENABLE_FLOAT 1
| /* end confdefs.h.  */
| #include <stdarg.h>
| #include <stdio.h>
| #include <sys/types.h>
| #include <sys/stat.h>
| /* Most of the following tests are stolen from RCS 5.7's src/conf.sh.  */
| struct buf { int x; };
| FILE * (*rcsopen) (struct buf *, struct stat *, int);
| static char *e (p, i)
|      char **p;
|      int i;
| {
|   return p[i];
| }
| static char *f (char * (*g) (char **, int), char **p, ...)
| {
|   char *s;
|   va_list v;
|   va_start (v,p);
|   s = g (p, va_arg (v,int));
|   va_end (v);
|   return s;
| }
| int test (int i, double x);
| struct s1 {int (*f) (int a);};
| struct s2 {int (*f) (double a);};
| int pairnames (int, char **, FILE *(*)(struct buf *, struct stat *, int), int, int);
| int argc;
| char **argv;
| int
| main ()
| {
| return f (e, argv, 0) != argv[0]  ||  f (e, argv, 1) != argv[1];
|   ;
|   return 0;
| }
configure:2812: g++ -Ae -c -g -O2  conftest.c >&5
<command-line>:0:1: error: missing '(' after predicate
configure:2776:17: error: 'p' was not declared in this scope
   return p[i];
                 ^
configure:2776:20: error: 'i' was not declared in this scope
   return p[i];
                    ^
configure:2776:21: error: expression list treated as compound expression in initializer [-fpermissive]
   return p[i];
                     ^
configure:2777:6: error: expected ',' or ';' before 'char'
 }
      ^
configure:2779:1: error: expected unqualified-id before '{' token
 {
 ^
configure: In function 'int main()':
configure:2800:21: error: cannot convert 'char*' to 'char* (*)(char**, int)' for argument '1' to 'char* f(char* (*)(char**, int), char**, ...)'
 _ACEOF
                     ^
configure:2800:52: error: cannot convert 'char*' to 'char* (*)(char**, int)' for argument '1' to 'char* f(char* (*)(char**, int), char**, ...)'
 _ACEOF
                                                    ^
configure:2815: $? = 1
configure: failed program was:
| #line 2758 "configure"
| /* confdefs.h.  */
| 
| #define PACKAGE_NAME ""
| #define PACKAGE_TARNAME ""
| #define PACKAGE_VERSION ""
| #define PACKAGE_STRING ""
| #define PACKAGE_BUGREPORT ""
| #define PACKAGE "fftw"
| #define VERSION "2.1.5"
| #define FFTW_ENABLE_FLOAT 1
| /* end confdefs.h.  */
| #include <stdarg.h>
| #include <stdio.h>
| #include <sys/types.h>
| #include <sys/stat.h>
| /* Most of the following tests are stolen from RCS 5.7's src/conf.sh.  */
| struct buf { int x; };
| FILE * (*rcsopen) (struct buf *, struct stat *, int);
| static char *e (p, i)
|      char **p;
|      int i;
| {
|   return p[i];
| }
| static char *f (char * (*g) (char **, int), char **p, ...)
| {
|   char *s;
|   va_list v;
|   va_start (v,p);
|   s = g (p, va_arg (v,int));
|   va_end (v);
|   return s;
| }
| int test (int i, double x);
| struct s1 {int (*f) (int a);};
| struct s2 {int (*f) (double a);};
| int pairnames (int, char **, FILE *(*)(struct buf *, struct stat *, int), int, int);
| int argc;
| char **argv;
| int
| main ()
| {
| return f (e, argv, 0) != argv[0]  ||  f (e, argv, 1) != argv[1];
|   ;
|   return 0;
| }
configure:2812: g++ -Aa -D_HPUX_SOURCE -c -g -O2  conftest.c >&5
<command-line>:0:1: error: missing '(' after predicate
configure:2776:17: error: 'p' was not declared in this scope
   return p[i];
                 ^
configure:2776:20: error: 'i' was not declared in this scope
   return p[i];
                    ^
configure:2776:21: error: expression list treated as compound expression in initializer [-fpermissive]
   return p[i];
                     ^
configure:2777:6: error: expected ',' or ';' before 'char'
 }
      ^
configure:2779:1: error: expected unqualified-id before '{' token
 {
 ^
configure: In function 'int main()':
configure:2800:21: error: cannot convert 'char*' to 'char* (*)(char**, int)' for argument '1' to 'char* f(char* (*)(char**, int), char**, ...)'
 _ACEOF
                     ^
configure:2800:52: error: cannot convert 'char*' to 'char* (*)(char**, int)' for argument '1' to 'char* f(char* (*)(char**, int), char**, ...)'
 _ACEOF
                                                    ^
configure:2815: $? = 1
configure: failed program was:
| #line 2758 "configure"
| /* confdefs.h.  */
| 
| #define PACKAGE_NAME ""
| #define PACKAGE_TARNAME ""
| #define PACKAGE_VERSION ""
| #define PACKAGE_STRING ""
| #define PACKAGE_BUGREPORT ""
| #define PACKAGE "fftw"
| #define VERSION "2.1.5"
| #define FFTW_ENABLE_FLOAT 1
| /* end confdefs.h.  */
| #include <stdarg.h>
| #include <stdio.h>
| #include <sys/types.h>
| #include <sys/stat.h>
| /* Most of the following tests are stolen from RCS 5.7's src/conf.sh.  */
| struct buf { int x; };
| FILE * (*rcsopen) (struct buf *, struct stat *, int);
| static char *e (p, i)
|      char **p;
|      int i;
| {
|   return p[i];
| }
| static char *f (char * (*g) (char **, int), char **p, ...)
| {
|   char *s;
|   va_list v;
|   va_start (v,p);
|   s = g (p, va_arg (v,int));
|   va_end (v);
|   return s;
| }
| int test (int i, double x);
| struct s1 {int (*f) (int a);};
| struct s2 {int (*f) (double a);};
| int pairnames (int, char **, FILE *(*)(struct buf *, struct stat *, int), int, int);
| int argc;
| char **argv;
| int
| main ()
| {
| return f (e, argv, 0) != argv[0]  ||  f (e, argv, 1) != argv[1];
|   ;
|   return 0;
| }
configure:2812: g++ -Xc -D__EXTENSIONS__ -c -g -O2  conftest.c >&5
g++: error: unrecognized command line option '-Xc'
configure:2815: $? = 1
configure: failed program was:
| #line 2758 "configure"
| /* confdefs.h.  */
| 
| #define PACKAGE_NAME ""
| #define PACKAGE_TARNAME ""
| #define PACKAGE_VERSION ""
| #define PACKAGE_STRING ""
| #define PACKAGE_BUGREPORT ""
| #define PACKAGE "fftw"
| #define VERSION "2.1.5"
| #define FFTW_ENABLE_FLOAT 1
| /* end confdefs.h.  */
| #include <stdarg.h>
| #include <stdio.h>
| #include <sys/types.h>
| #include <sys/stat.h>
| /* Most of the following tests are stolen from RCS 5.7's src/conf.sh.  */
| struct buf { int x; };
| FILE * (*rcsopen) (struct buf *, struct stat *, int);
| static char *e (p, i)
|      char **p;
|      int i;
| {
|   return p[i];
| }
| static char *f (char * (*g) (char **, int), char **p, ...)
| {
|   char *s;
|   va_list v;
|   va_start (v,p);
|   s = g (p, va_arg (v,int));
|   va_end (v);
|   return s;
| }
| int test (int i, double x);
| struct s1 {int (*f) (int a);};
| struct s2 {int (*f) (double a);};
| int pairnames (int, char **, FILE *(*)(struct buf *, struct stat *, int), int, int);
| int argc;
| char **argv;
| int
| main ()
| {
| return f (e, argv, 0) != argv[0]  ||  f (e, argv, 1) != argv[1];
|   ;
|   return 0;
| }
configure:2839: result: none needed
configure:2857: g++ -c -g -O2  conftest.c >&5
configure:2860: $? = 0
configure:2863: test -s conftest.o
configure:2866: $? = 0
configure:2895: g++ -c -g -O2  conftest.c >&5
configure:2898: $? = 0
configure:2901: test -s conftest.o
configure:2904: $? = 0
configure:2931: g++ -c -g -O2  conftest.c >&5
configure: In function 'int main()':
configure:2929:9: error: 'exit' was not declared in this scope
 _ACEOF
         ^
configure:2934: $? = 1
configure: failed program was:
| #line 2914 "configure"
| /* confdefs.h.  */
| 
| #define PACKAGE_NAME ""
| #define PACKAGE_TARNAME ""
| #define PACKAGE_VERSION ""
| #define PACKAGE_STRING ""
| #define PACKAGE_BUGREPORT ""
| #define PACKAGE "fftw"
| #define VERSION "2.1.5"
| #define FFTW_ENABLE_FLOAT 1
| /* end confdefs.h.  */
| 
| int
| main ()
| {
| exit (42);
|   ;
|   return 0;
| }
configure:2895: g++ -c -g -O2  conftest.c >&5
configure:2898: $? = 0
configure:2901: test -s conftest.o
configure:2904: $? = 0
configure:2931: g++ -c -g -O2  conftest.c >&5
configure:2934: $? = 0
configure:2937: test -s conftest.o
configure:2940: $? = 0
configure:2979: checking for style of include used by make
configure:3007: result: GNU
configure:3035: checking dependency style of g++
configure:3103: result: gcc3
configure:3122: checking whether we are using gcc 2.90 or later
configure:3136: g++ -E conftest.c
configure:3139: $? = 0
configure:3147: result: yes
configure:3169: checking for a BSD-compatible install
configure:3223: result: /usr/bin/install -c
configure:3234: checking whether make sets $(MAKE)
configure:3254: result: yes
configure:3304: checking for ranlib
configure:3320: found /usr/bin/ranlib
configure:3331: result: ranlib
configure:3343: checking whether ln -s works
configure:3347: result: yes
configure:3404: checking build system type
configure:3422: result: armv7l-unknown-linux-gnu
configure:3430: checking host system type
configure:3444: result: armv7l-unknown-linux-gnu
configure:3474: checking for ld used by GCC
configure:3537: result: /usr/bin/ld
configure:3546: checking if the linker (/usr/bin/ld) is GNU ld
GNU ld (GNU Binutils for Raspbian) 2.25
configure:3558: result: yes
configure:3563: checking for /usr/bin/ld option to reload object files
configure:3570: result: -r
configure:3575: checking for BSD-compatible nm
configure:3611: result: /usr/bin/nm -B
configure:3614: checking for a sed that does not truncate output
configure:3696: result: /bin/sed
configure:3699: checking how to recognise dependent libraries
configure:3880: result: file_magic ELF [0-9][0-9]*-bit [LM]SB (shared object|dynamic lib )
configure:3893: checking command to parse /usr/bin/nm -B output
configure:3977: g++ -c -g -O2  conftest.c >&5
configure:3980: $? = 0
configure:3984: /usr/bin/nm -B conftest.o \| sed -n -e 's/^.*[ 	]\([ABCDGISTW][ABCDGISTW]*\)[ 	][ 	]*\(\)\([_A-Za-z][_A-Za-z0-9]*\)$/\1 \2\3 \3/p' \> conftest.nm
configure:3987: $? = 0
configure:4039: g++ -o conftest -g -O2   conftest.c conftstm.o >&5
configure:4042: $? = 0
configure:4086: result: ok
configure:4095: checking how to run the C preprocessor
configure:4131: g++ -E  conftest.c
configure:4137: $? = 0
configure:4169: g++ -E  conftest.c
configure:4174:28: fatal error: ac_nonexistent.h: No such file or directory
   cat conftest.err >&5
                            ^
compilation terminated.
configure:4175: $? = 1
configure: failed program was:
| #line 4160 "configure"
| /* confdefs.h.  */
| 
| #define PACKAGE_NAME ""
| #define PACKAGE_TARNAME ""
| #define PACKAGE_VERSION ""
| #define PACKAGE_STRING ""
| #define PACKAGE_BUGREPORT ""
| #define PACKAGE "fftw"
| #define VERSION "2.1.5"
| #define FFTW_ENABLE_FLOAT 1
| #ifdef __cplusplus
| #include <stdlib.h>
| #endif
| /* end confdefs.h.  */
| #include <ac_nonexistent.h>
configure:4213: result: g++ -E
configure:4238: g++ -E  conftest.c
configure:4244: $? = 0
configure:4276: g++ -E  conftest.c
configure:4281:28: fatal error: ac_nonexistent.h: No such file or directory
   cat conftest.err >&5
                            ^
compilation terminated.
configure:4282: $? = 1
configure: failed program was:
| #line 4267 "configure"
| /* confdefs.h.  */
| 
| #define PACKAGE_NAME ""
| #define PACKAGE_TARNAME ""
| #define PACKAGE_VERSION ""
| #define PACKAGE_STRING ""
| #define PACKAGE_BUGREPORT ""
| #define PACKAGE "fftw"
| #define VERSION "2.1.5"
| #define FFTW_ENABLE_FLOAT 1
| #ifdef __cplusplus
| #include <stdlib.h>
| #endif
| /* end confdefs.h.  */
| #include <ac_nonexistent.h>
configure:4325: checking for egrep
configure:4335: result: grep -E
configure:4340: checking for ANSI C header files
configure:4366: g++ -c -g -O2  conftest.c >&5
configure:4369: $? = 0
configure:4372: test -s conftest.o
configure:4375: $? = 0
configure:4467: g++ -o conftest -g -O2   conftest.c  >&5
configure:4470: $? = 0
configure:4472: ./conftest
configure:4475: $? = 0
configure:4490: result: yes
configure:4514: checking for sys/types.h
configure:4531: g++ -c -g -O2  conftest.c >&5
configure:4534: $? = 0
configure:4537: test -s conftest.o
configure:4540: $? = 0
configure:4551: result: yes
configure:4514: checking for sys/stat.h
configure:4531: g++ -c -g -O2  conftest.c >&5
configure:4534: $? = 0
configure:4537: test -s conftest.o
configure:4540: $? = 0
configure:4551: result: yes
configure:4514: checking for stdlib.h
configure:4531: g++ -c -g -O2  conftest.c >&5
configure:4534: $? = 0
configure:4537: test -s conftest.o
configure:4540: $? = 0
configure:4551: result: yes
configure:4514: checking for string.h
configure:4531: g++ -c -g -O2  conftest.c >&5
configure:4534: $? = 0
configure:4537: test -s conftest.o
configure:4540: $? = 0
configure:4551: result: yes
configure:4514: checking for memory.h
configure:4531: g++ -c -g -O2  conftest.c >&5
configure:4534: $? = 0
configure:4537: test -s conftest.o
configure:4540: $? = 0
configure:4551: result: yes
configure:4514: checking for strings.h
configure:4531: g++ -c -g -O2  conftest.c >&5
configure:4534: $? = 0
configure:4537: test -s conftest.o
configure:4540: $? = 0
configure:4551: result: yes
configure:4514: checking for inttypes.h
configure:4531: g++ -c -g -O2  conftest.c >&5
configure:4534: $? = 0
configure:4537: test -s conftest.o
configure:4540: $? = 0
configure:4551: result: yes
configure:4514: checking for stdint.h
configure:4531: g++ -c -g -O2  conftest.c >&5
configure:4534: $? = 0
configure:4537: test -s conftest.o
configure:4540: $? = 0
configure:4551: result: yes
configure:4514: checking for unistd.h
configure:4531: g++ -c -g -O2  conftest.c >&5
configure:4534: $? = 0
configure:4537: test -s conftest.o
configure:4540: $? = 0
configure:4551: result: yes
configure:4577: checking dlfcn.h usability
configure:4590: g++ -c -g -O2  conftest.c >&5
configure:4593: $? = 0
configure:4596: test -s conftest.o
configure:4599: $? = 0
configure:4609: result: yes
configure:4613: checking dlfcn.h presence
configure:4624: g++ -E  conftest.c
configure:4630: $? = 0
configure:4649: result: yes
configure:4685: checking for dlfcn.h
configure:4692: result: yes
configure:4714: checking for file
configure:4769: result: /usr/bin/file
configure:4890: checking for ranlib
configure:4917: result: ranlib
configure:4970: checking for strip
configure:4986: found /usr/bin/strip
configure:4997: result: strip
configure:5207: checking for objdir
configure:5218: result: .libs
configure:5235: checking for g++ option to produce PIC
configure:5381: result: -fPIC
configure:5385: checking if g++ PIC flag -fPIC works
configure:5409: g++ -c -g -O2 -fPIC -DPIC  conftest.c >&5
configure:5412: $? = 0
configure:5415: test -s conftest.o
configure:5418: $? = 0
configure:5456: result: yes
configure:5472: checking if g++ static flag -static works
configure:5497: g++ -o conftest -g -O2   -static conftest.c  >&5
configure:5500: $? = 0
configure:5503: test -s conftest
configure:5506: $? = 0
configure:5522: result: yes
configure:5534: checking if g++ supports -c -o file.o
configure:5554: g++ -c -g -O2 -o out/conftest2.o  conftest.c >&5
configure:5578: result: yes
configure:5583: checking if g++ supports -c -o file.lo
configure:5611: g++ -c -g -O2 -c -o conftest.lo  conftest.c >&5
configure:5614: $? = 0
configure:5617: test -s conftest.lo
configure:5620: $? = 0
configure:5642: result: yes
configure:5673: checking if g++ supports -fno-rtti -fno-exceptions
configure:5696: g++ -c -g -O2 -fno-rtti -fno-exceptions -c conftest.c  conftest.c >&5
configure:5699: $? = 0
configure:5702: test -s conftest.o
configure:5705: $? = 0
configure:5722: result: yes
configure:5733: checking whether the linker (/usr/bin/ld) supports shared libraries
configure:6428: result: yes
configure:6433: checking how to hardcode library paths into programs
configure:6457: result: immediate
configure:6462: checking whether stripping libraries is possible
configure:6467: result: yes
configure:6478: checking dynamic linker characteristics
configure:6885: result: GNU/Linux ld.so
configure:6890: checking if libtool supports shared libraries
configure:6892: result: yes
configure:6895: checking whether to build shared libraries
configure:6916: result: no
configure:6919: checking whether to build static libraries
configure:6923: result: yes
configure:8229: checking for perl
configure:8245: found /usr/bin/perl
configure:8256: result: perl
configure:8318: checking for g77
configure:8347: result: no
configure:8318: checking for f77
configure:8347: result: no
configure:8318: checking for xlf
configure:8347: result: no
configure:8318: checking for frt
configure:8347: result: no
configure:8318: checking for pgf77
configure:8347: result: no
configure:8318: checking for fl32
configure:8347: result: no
configure:8318: checking for af77
configure:8347: result: no
configure:8318: checking for fort77
configure:8347: result: no
configure:8318: checking for f90
configure:8347: result: no
configure:8318: checking for xlf90
configure:8347: result: no
configure:8318: checking for pgf90
configure:8347: result: no
configure:8318: checking for epcf90
configure:8347: result: no
configure:8318: checking for f95
configure:8347: result: no
configure:8318: checking for fort
configure:8347: result: no
configure:8318: checking for xlf95
configure:8347: result: no
configure:8318: checking for lf95
configure:8347: result: no
configure:8318: checking for g95
configure:8347: result: no
configure:8359: checking for Fortran 77 compiler version
configure:8362:  --version </dev/null >&5
./configure: line 8363: --version: command not found
configure:8365: $? = 127
configure:8367:  -v </dev/null >&5
./configure: line 8368: -v: command not found
configure:8370: $? = 127
configure:8372:  -V </dev/null >&5
./configure: line 8373: -V: command not found
configure:8375: $? = 127
configure:8382: checking whether we are using the GNU Fortran 77 compiler
configure:8396:  -c  conftest.F >&5
./configure: line 8397: -c: command not found
configure:8399: $? = 127
configure: failed program was:
|       program main
| #ifndef __GNUC__
|        choke me
| #endif
| 
|       end
configure:8418: result: no
configure:8425: checking whether  accepts -g
configure:8437:  -c -g conftest.f >&5
./configure: line 8438: -c: command not found
configure:8440: $? = 127
configure: failed program was:
|       program main
| 
|       end
configure:8458: result: no
configure:8483: WARNING: *** Couldn't find f77 compiler; switching to --disable-fortran.
configure:8491: checking how to get verbose linking output from 
configure:8503:  -c  conftest.f >&5
./configure: line 8504: -c: command not found
configure:8506: $? = 127
configure: failed program was:
|       program main
| 
|       end
configure:8580: WARNING: compilation failed
configure:8586: result: 
configure:8588: checking for Fortran 77 libraries
configure:8614:  -o conftest    conftest.f  >&5
./configure: line 8615: -o: command not found
configure:8772: result: 
configure:8783: checking for dummy main to link with Fortran 77 libraries
configure:8820: g++ -o conftest -g -O2   conftest.c   >&5
configure:8823: $? = 0
configure:8826: test -s conftest
configure:8829: $? = 0
configure:8894: result: none
configure:9302: checking whether g++ accepts -malign-double
configure:9316: result: no
configure:9329: checking whether g++ accepts -fstrict-aliasing
configure:9343: result: yes
configure:9740: checking whether g++ accepts -O3 -fomit-frame-pointer -fno-schedule-insns -fschedule-insns2 -fstrict-aliasing
configure:9754: result: yes
configure:9783: checking whether g++ accepts -mpreferred-stack-boundary=4
configure:9797: result: no
configure:9917: checking for sqrt in -lm
configure:9954: g++ -o conftest -O3 -fomit-frame-pointer -fno-schedule-insns -fschedule-insns2 -fstrict-aliasing   conftest.c -lm   >&5
configure:9957: $? = 0
configure:9960: test -s conftest
configure:9963: $? = 0
configure:9975: result: yes
configure:9987: checking for ANSI C header files
configure:10143: result: yes
configure:10170: checking sys/time.h usability
configure:10183: g++ -c -O3 -fomit-frame-pointer -fno-schedule-insns -fschedule-insns2 -fstrict-aliasing  conftest.c >&5
configure:10186: $? = 0
configure:10189: test -s conftest.o
configure:10192: $? = 0
configure:10202: result: yes
configure:10206: checking sys/time.h presence
configure:10217: g++ -E  conftest.c
configure:10223: $? = 0
configure:10242: result: yes
configure:10278: checking for sys/time.h
configure:10285: result: yes
configure:10161: checking for unistd.h
configure:10166: result: yes
configure:10170: checking getopt.h usability
configure:10183: g++ -c -O3 -fomit-frame-pointer -fno-schedule-insns -fschedule-insns2 -fstrict-aliasing  conftest.c >&5
configure:10186: $? = 0
configure:10189: test -s conftest.o
configure:10192: $? = 0
configure:10202: result: yes
configure:10206: checking getopt.h presence
configure:10217: g++ -E  conftest.c
configure:10223: $? = 0
configure:10242: result: yes
configure:10278: checking for getopt.h
configure:10285: result: yes
configure:10170: checking malloc.h usability
configure:10183: g++ -c -O3 -fomit-frame-pointer -fno-schedule-insns -fschedule-insns2 -fstrict-aliasing  conftest.c >&5
configure:10186: $? = 0
configure:10189: test -s conftest.o
configure:10192: $? = 0
configure:10202: result: yes
configure:10206: checking malloc.h presence
configure:10217: g++ -E  conftest.c
configure:10223: $? = 0
configure:10242: result: yes
configure:10278: checking for malloc.h
configure:10285: result: yes
configure:10299: checking for an ANSI C-conforming const
configure:10373: g++ -c -O3 -fomit-frame-pointer -fno-schedule-insns -fschedule-insns2 -fstrict-aliasing  conftest.c >&5
configure:10376: $? = 0
configure:10379: test -s conftest.o
configure:10382: $? = 0
configure:10393: result: yes
configure:10403: checking for size_t
configure:10434: g++ -c -O3 -fomit-frame-pointer -fno-schedule-insns -fschedule-insns2 -fstrict-aliasing  conftest.c >&5
configure:10437: $? = 0
configure:10440: test -s conftest.o
configure:10443: $? = 0
configure:10454: result: yes
configure:10466: checking whether time.h and sys/time.h may both be included
configure:10498: g++ -c -O3 -fomit-frame-pointer -fno-schedule-insns -fschedule-insns2 -fstrict-aliasing  conftest.c >&5
configure:10501: $? = 0
configure:10504: test -s conftest.o
configure:10507: $? = 0
configure:10518: result: yes
configure:10545: checking for working alloca.h
configure:10573: g++ -o conftest -O3 -fomit-frame-pointer -fno-schedule-insns -fschedule-insns2 -fstrict-aliasing   conftest.c -lm  >&5
configure:10576: $? = 0
configure:10579: test -s conftest
configure:10582: $? = 0
configure:10593: result: yes
configure:10603: checking for alloca
configure:10651: g++ -o conftest -O3 -fomit-frame-pointer -fno-schedule-insns -fschedule-insns2 -fstrict-aliasing   conftest.c -lm  >&5
configure:10643:0: warning: "alloca" redefined
 main ()
 ^
In file included from /usr/include/stdlib.h:492:0,
                 from configure:10619:
/usr/include/alloca.h:35:0: note: this is the location of the previous definition
 # define alloca(size) __builtin_alloca (size)
 ^
configure:10654: $? = 0
configure:10657: test -s conftest
configure:10660: $? = 0
configure:10671: result: yes
configure:10896: checking for gettimeofday
configure:10960: g++ -o conftest -O3 -fomit-frame-pointer -fno-schedule-insns -fschedule-insns2 -fstrict-aliasing   conftest.c -lm  >&5
configure:10963: $? = 0
configure:10966: test -s conftest
configure:10969: $? = 0
configure:10980: result: yes
configure:10994: checking for BSDgettimeofday
configure:11058: g++ -o conftest -O3 -fomit-frame-pointer -fno-schedule-insns -fschedule-insns2 -fstrict-aliasing   conftest.c -lm  >&5
/tmp/ccyE3Ly8.o:(.data+0x0): undefined reference to `BSDgettimeofday'
/tmp/ccyE3Ly8.o: In function `main':
conftest.c:(.text.startup+0x1c): undefined reference to `BSDgettimeofday'
collect2: error: ld returned 1 exit status
configure:11061: $? = 1
configure: failed program was:
| #line 10999 "configure"
| /* confdefs.h.  */
| 
| #define PACKAGE_NAME ""
| #define PACKAGE_TARNAME ""
| #define PACKAGE_VERSION ""
| #define PACKAGE_STRING ""
| #define PACKAGE_BUGREPORT ""
| #define PACKAGE "fftw"
| #define VERSION "2.1.5"
| #define FFTW_ENABLE_FLOAT 1
| #ifdef __cplusplus
| #include <stdlib.h>
| #endif
| #define STDC_HEADERS 1
| #define HAVE_SYS_TYPES_H 1
| #define HAVE_SYS_STAT_H 1
| #define HAVE_STDLIB_H 1
| #define HAVE_STRING_H 1
| #define HAVE_MEMORY_H 1
| #define HAVE_STRINGS_H 1
| #define HAVE_INTTYPES_H 1
| #define HAVE_STDINT_H 1
| #define HAVE_UNISTD_H 1
| #define HAVE_DLFCN_H 1
| #define FFTW_VERSION "2.1.5"
| #define HAVE_LIBM 1
| #define STDC_HEADERS 1
| #define HAVE_SYS_TIME_H 1
| #define HAVE_UNISTD_H 1
| #define HAVE_GETOPT_H 1
| #define HAVE_MALLOC_H 1
| #define TIME_WITH_SYS_TIME 1
| #define HAVE_ALLOCA_H 1
| #define HAVE_ALLOCA 1
| #define HAVE_GETTIMEOFDAY 1
| /* end confdefs.h.  */
| /* Define BSDgettimeofday to an innocuous variant, in case <limits.h> declares BSDgettimeofday.
|    For example, HP-UX 11i <limits.h> declares gettimeofday.  */
| #define BSDgettimeofday innocuous_BSDgettimeofday
| 
| /* System header to define __stub macros and hopefully few prototypes,
|     which can conflict with char BSDgettimeofday (); below.
|     Prefer <limits.h> to <assert.h> if __STDC__ is defined, since
|     <limits.h> exists even on freestanding compilers.  */
| 
| #ifdef __STDC__
| # include <limits.h>
| #else
| # include <assert.h>
| #endif
| 
| #undef BSDgettimeofday
| 
| /* Override any gcc2 internal prototype to avoid an error.  */
| #ifdef __cplusplus
| extern "C"
| {
| #endif
| /* We use char because int might match the return type of a gcc2
|    builtin and then its argument prototype would still apply.  */
| char BSDgettimeofday ();
| /* The GNU C library defines this for functions which it implements
|     to always fail with ENOSYS.  Some functions are actually named
|     something starting with __ and the normal name is an alias.  */
| #if defined (__stub_BSDgettimeofday) || defined (__stub___BSDgettimeofday)
| choke me
| #else
| char (*f) () = BSDgettimeofday;
| #endif
| #ifdef __cplusplus
| }
| #endif
| 
| #ifdef F77_DUMMY_MAIN
| #  ifdef __cplusplus
|      extern "C"
| #  endif
|    int F77_DUMMY_MAIN() { return 1; }
| #endif
| int
| main ()
| {
| return f != BSDgettimeofday;
|   ;
|   return 0;
| }
configure:11078: result: no
configure:11092: checking for gethrtime
configure:11156: g++ -o conftest -O3 -fomit-frame-pointer -fno-schedule-insns -fschedule-insns2 -fstrict-aliasing   conftest.c -lm  >&5
/tmp/cc2ocn2X.o:(.data+0x0): undefined reference to `gethrtime'
/tmp/cc2ocn2X.o: In function `main':
conftest.c:(.text.startup+0x1c): undefined reference to `gethrtime'
collect2: error: ld returned 1 exit status
configure:11159: $? = 1
configure: failed program was:
| #line 11097 "configure"
| /* confdefs.h.  */
| 
| #define PACKAGE_NAME ""
| #define PACKAGE_TARNAME ""
| #define PACKAGE_VERSION ""
| #define PACKAGE_STRING ""
| #define PACKAGE_BUGREPORT ""
| #define PACKAGE "fftw"
| #define VERSION "2.1.5"
| #define FFTW_ENABLE_FLOAT 1
| #ifdef __cplusplus
| #include <stdlib.h>
| #endif
| #define STDC_HEADERS 1
| #define HAVE_SYS_TYPES_H 1
| #define HAVE_SYS_STAT_H 1
| #define HAVE_STDLIB_H 1
| #define HAVE_STRING_H 1
| #define HAVE_MEMORY_H 1
| #define HAVE_STRINGS_H 1
| #define HAVE_INTTYPES_H 1
| #define HAVE_STDINT_H 1
| #define HAVE_UNISTD_H 1
| #define HAVE_DLFCN_H 1
| #define FFTW_VERSION "2.1.5"
| #define HAVE_LIBM 1
| #define STDC_HEADERS 1
| #define HAVE_SYS_TIME_H 1
| #define HAVE_UNISTD_H 1
| #define HAVE_GETOPT_H 1
| #define HAVE_MALLOC_H 1
| #define TIME_WITH_SYS_TIME 1
| #define HAVE_ALLOCA_H 1
| #define HAVE_ALLOCA 1
| #define HAVE_GETTIMEOFDAY 1
| /* end confdefs.h.  */
| /* Define gethrtime to an innocuous variant, in case <limits.h> declares gethrtime.
|    For example, HP-UX 11i <limits.h> declares gettimeofday.  */
| #define gethrtime innocuous_gethrtime
| 
| /* System header to define __stub macros and hopefully few prototypes,
|     which can conflict with char gethrtime (); below.
|     Prefer <limits.h> to <assert.h> if __STDC__ is defined, since
|     <limits.h> exists even on freestanding compilers.  */
| 
| #ifdef __STDC__
| # include <limits.h>
| #else
| # include <assert.h>
| #endif
| 
| #undef gethrtime
| 
| /* Override any gcc2 internal prototype to avoid an error.  */
| #ifdef __cplusplus
| extern "C"
| {
| #endif
| /* We use char because int might match the return type of a gcc2
|    builtin and then its argument prototype would still apply.  */
| char gethrtime ();
| /* The GNU C library defines this for functions which it implements
|     to always fail with ENOSYS.  Some functions are actually named
|     something starting with __ and the normal name is an alias.  */
| #if defined (__stub_gethrtime) || defined (__stub___gethrtime)
| choke me
| #else
| char (*f) () = gethrtime;
| #endif
| #ifdef __cplusplus
| }
| #endif
| 
| #ifdef F77_DUMMY_MAIN
| #  ifdef __cplusplus
|      extern "C"
| #  endif
|    int F77_DUMMY_MAIN() { return 1; }
| #endif
| int
| main ()
| {
| return f != gethrtime;
|   ;
|   return 0;
| }
configure:11176: result: no
configure:11190: checking for getopt
configure:11254: g++ -o conftest -O3 -fomit-frame-pointer -fno-schedule-insns -fschedule-insns2 -fstrict-aliasing   conftest.c -lm  >&5
configure:11257: $? = 0
configure:11260: test -s conftest
configure:11263: $? = 0
configure:11274: result: yes
configure:11288: checking for getopt_long
configure:11352: g++ -o conftest -O3 -fomit-frame-pointer -fno-schedule-insns -fschedule-insns2 -fstrict-aliasing   conftest.c -lm  >&5
configure:11355: $? = 0
configure:11358: test -s conftest
configure:11361: $? = 0
configure:11372: result: yes
configure:11383: checking for isnan
configure:11409: g++ -o conftest -O3 -fomit-frame-pointer -fno-schedule-insns -fschedule-insns2 -fstrict-aliasing   conftest.c -lm  >&5
configure:11412: $? = 0
configure:11415: test -s conftest
configure:11418: $? = 0
configure:11434: result: yes
configure:11439: checking for hrtime_t
configure:11468: g++ -o conftest -O3 -fomit-frame-pointer -fno-schedule-insns -fschedule-insns2 -fstrict-aliasing   conftest.c -lm  >&5
configure: In function 'int main()':
configure:11494:1: error: 'hrtime_t' was not declared in this scope
 echo "${ECHO_T}${ok}" >&6
 ^
configure:11471: $? = 1
configure: failed program was:
| #line 11441 "configure"
| /* confdefs.h.  */
| 
| #define PACKAGE_NAME ""
| #define PACKAGE_TARNAME ""
| #define PACKAGE_VERSION ""
| #define PACKAGE_STRING ""
| #define PACKAGE_BUGREPORT ""
| #define PACKAGE "fftw"
| #define VERSION "2.1.5"
| #define FFTW_ENABLE_FLOAT 1
| #ifdef __cplusplus
| #include <stdlib.h>
| #endif
| #define STDC_HEADERS 1
| #define HAVE_SYS_TYPES_H 1
| #define HAVE_SYS_STAT_H 1
| #define HAVE_STDLIB_H 1
| #define HAVE_STRING_H 1
| #define HAVE_MEMORY_H 1
| #define HAVE_STRINGS_H 1
| #define HAVE_INTTYPES_H 1
| #define HAVE_STDINT_H 1
| #define HAVE_UNISTD_H 1
| #define HAVE_DLFCN_H 1
| #define FFTW_VERSION "2.1.5"
| #define HAVE_LIBM 1
| #define STDC_HEADERS 1
| #define HAVE_SYS_TIME_H 1
| #define HAVE_UNISTD_H 1
| #define HAVE_GETOPT_H 1
| #define HAVE_MALLOC_H 1
| #define TIME_WITH_SYS_TIME 1
| #define HAVE_ALLOCA_H 1
| #define HAVE_ALLOCA 1
| #define HAVE_GETTIMEOFDAY 1
| #define HAVE_GETOPT 1
| #define HAVE_GETOPT_LONG 1
| #define HAVE_ISNAN 1
| /* end confdefs.h.  */
| 
| #ifdef HAVE_SYS_TIME_H
| #include <sys/time.h>
| #endif
| 
| #ifdef F77_DUMMY_MAIN
| #  ifdef __cplusplus
|      extern "C"
| #  endif
|    int F77_DUMMY_MAIN() { return 1; }
| #endif
| int
| main ()
| {
| hrtime_t foobar;
|   ;
|   return 0;
| }
configure:11493: result: no
configure:11496: checking for int
configure:11527: g++ -c -O3 -fomit-frame-pointer -fno-schedule-insns -fschedule-insns2 -fstrict-aliasing  conftest.c >&5
configure:11530: $? = 0
configure:11533: test -s conftest.o
configure:11536: $? = 0
configure:11547: result: yes
configure:11550: checking size of int
configure:11861: g++ -o conftest -O3 -fomit-frame-pointer -fno-schedule-insns -fschedule-insns2 -fstrict-aliasing   conftest.c -lm  >&5
configure:11864: $? = 0
configure:11866: ./conftest
configure:11869: $? = 0
configure:11892: result: 4
configure:11899: checking for long long
configure:11930: g++ -c -O3 -fomit-frame-pointer -fno-schedule-insns -fschedule-insns2 -fstrict-aliasing  conftest.c >&5
configure:11933: $? = 0
configure:11936: test -s conftest.o
configure:11939: $? = 0
configure:11950: result: yes
configure:11953: checking size of long long
configure:12264: g++ -o conftest -O3 -fomit-frame-pointer -fno-schedule-insns -fschedule-insns2 -fstrict-aliasing   conftest.c -lm  >&5
configure:12267: $? = 0
configure:12269: ./conftest
configure:12272: $? = 0
configure:12295: result: 8
configure:12320: checking whether g++ accepts "-fkeep-programmers-inline"
configure:12334: result: no
configure:12346: checking whether g++ accepts "-vomit-frame-pointer"
configure:12360: result: no
configure:14468: creating ./config.status

## ---------------------- ##
## Running config.status. ##
## ---------------------- ##

This file was extended by config.status, which was
generated by GNU Autoconf 2.57.  Invocation command line was

  CONFIG_FILES    = 
  CONFIG_HEADERS  = 
  CONFIG_LINKS    = 
  CONFIG_COMMANDS = 
  $ ./config.status 

on raspberrypi

config.status:695: creating fftw/Makefile
config.status:695: creating tests/Makefile
config.status:695: creating rfftw/Makefile
config.status:695: creating doc/Makefile
config.status:695: creating Makefile
config.status:695: creating threads/Makefile
config.status:695: creating mpi/Makefile
config.status:695: creating fftw.spec
config.status:799: creating fftw/config.h
config.status:940: fftw/config.h is unchanged
config.status:799: creating fftw/fftw.h
config.status:940: fftw/fftw.h is unchanged
config.status:1062: executing depfiles commands

## ---------------- ##
## Cache variables. ##
## ---------------- ##

ac_cv_build=armv7l-unknown-linux-gnu
ac_cv_build_alias=armv7l-unknown-linux-gnu
ac_cv_c_compiler_gnu=yes
ac_cv_c_const=yes
ac_cv_env_CC_set=set
ac_cv_env_CC_value=g++
ac_cv_env_CFLAGS_set=
ac_cv_env_CFLAGS_value=
ac_cv_env_CPPFLAGS_set=
ac_cv_env_CPPFLAGS_value=
ac_cv_env_CPP_set=
ac_cv_env_CPP_value=
ac_cv_env_F77_set=
ac_cv_env_F77_value=
ac_cv_env_FFLAGS_set=
ac_cv_env_FFLAGS_value=
ac_cv_env_LDFLAGS_set=
ac_cv_env_LDFLAGS_value=
ac_cv_env_build_alias_set=
ac_cv_env_build_alias_value=
ac_cv_env_host_alias_set=
ac_cv_env_host_alias_value=
ac_cv_env_target_alias_set=
ac_cv_env_target_alias_value=
ac_cv_exeext=
ac_cv_f77_compiler_gnu=no
ac_cv_f77_dummy_main=none
ac_cv_flibs=
ac_cv_func_BSDgettimeofday=no
ac_cv_func_alloca_works=yes
ac_cv_func_gethrtime=no
ac_cv_func_getopt=yes
ac_cv_func_getopt_long=yes
ac_cv_func_gettimeofday=yes
ac_cv_header_dlfcn_h=yes
ac_cv_header_getopt_h=yes
ac_cv_header_inttypes_h=yes
ac_cv_header_malloc_h=yes
ac_cv_header_memory_h=yes
ac_cv_header_stdc=yes
ac_cv_header_stdint_h=yes
ac_cv_header_stdlib_h=yes
ac_cv_header_string_h=yes
ac_cv_header_strings_h=yes
ac_cv_header_sys_stat_h=yes
ac_cv_header_sys_time_h=yes
ac_cv_header_sys_types_h=yes
ac_cv_header_time=yes
ac_cv_header_unistd_h=yes
ac_cv_host=armv7l-unknown-linux-gnu
ac_cv_host_alias=armv7l-unknown-linux-gnu
ac_cv_lib_m_sqrt=yes
ac_cv_objext=o
ac_cv_path_install='/usr/bin/install -c'
ac_cv_prog_AWK=mawk
ac_cv_prog_CC=g++
ac_cv_prog_CPP='g++ -E'
ac_cv_prog_PERL=perl
ac_cv_prog_ac_ct_RANLIB=ranlib
ac_cv_prog_ac_ct_STRIP=strip
ac_cv_prog_cc_g=yes
ac_cv_prog_cc_stdc=no
ac_cv_prog_egrep='grep -E'
ac_cv_prog_f77_g=no
ac_cv_prog_gcc_2_90=yes
ac_cv_prog_make_make_set=yes
ac_cv_sizeof_int=4
ac_cv_sizeof_long_long=8
ac_cv_type_int=yes
ac_cv_type_long_long=yes
ac_cv_type_size_t=yes
ac_cv_working_alloca_h=yes
am_cv_CC_dependencies_compiler_type=gcc3
lt_cv_compiler_c_o=yes
lt_cv_compiler_o_lo=yes
lt_cv_deplibs_check_method='file_magic ELF [0-9][0-9]*-bit [LM]SB (shared object|dynamic lib )'
lt_cv_file_magic_cmd='$MAGIC_CMD'
lt_cv_file_magic_test_file='/lib/libc.so* /lib/libc-*.so'
lt_cv_global_symbol_to_c_name_address='sed -n -e '\''s/^: \([^ ]*\) $/  {\"\1\", (lt_ptr) 0},/p'\'' -e '\''s/^[BCDEGRST] \([^ ]*\) \([^ ]*\)$/  {"\2", (lt_ptr) \&\2},/p'\'''
lt_cv_global_symbol_to_cdecl='sed -n -e '\''s/^. .* \(.*\)$/extern char \1;/p'\'''
lt_cv_ld_reload_flag=-r
lt_cv_path_LD=/usr/bin/ld
lt_cv_path_MAGIC_CMD=/usr/bin/file
lt_cv_path_NM='/usr/bin/nm -B'
lt_cv_path_SED=/bin/sed
lt_cv_prog_cc_can_build_shared=yes
lt_cv_prog_cc_no_builtin=
lt_cv_prog_cc_pic=' -fPIC'
lt_cv_prog_cc_pic_works=yes
lt_cv_prog_cc_shlib=
lt_cv_prog_cc_static=-static
lt_cv_prog_cc_static_works=yes
lt_cv_prog_cc_wl=-Wl,
lt_cv_prog_gnu_ld=yes
lt_cv_sys_global_symbol_pipe='sed -n -e '\''s/^.*[ 	]\([ABCDGISTW][ABCDGISTW]*\)[ 	][ 	]*\(\)\([_A-Za-z][_A-Za-z0-9]*\)$/\1 \2\3 \3/p'\'''

## ----------------- ##
## Output variables. ##
## ----------------- ##

ACLOCAL='${SHELL} /home/pi/fftw-2.1.5/missing --run aclocal-1.7'
ALLOCA=''
AMDEPBACKSLASH='\'
AMDEP_FALSE='#'
AMDEP_TRUE=''
AMTAR='${SHELL} /home/pi/fftw-2.1.5/missing --run tar'
AUTOCONF='${SHELL} /home/pi/fftw-2.1.5/missing --run autoconf'
AUTOHEADER='${SHELL} /home/pi/fftw-2.1.5/missing --run autoheader'
AUTOMAKE='${SHELL} /home/pi/fftw-2.1.5/missing --run automake-1.7'
AWK='mawk'
CC='g++'
CCDEPMODE='depmode=gcc3'
CFLAGS='-O3 -fomit-frame-pointer -fno-schedule-insns -fschedule-insns2 -fstrict-aliasing'
CPP='g++ -E'
CPPFLAGS=''
CYGPATH_W='echo'
DEFS='-DHAVE_CONFIG_H'
DEPDIR='.deps'
ECHO='echo'
ECHO_C=''
ECHO_N='-n'
ECHO_T=''
EGREP='grep -E'
EXEEXT=''
F77=''
FFLAGS=''
FFTW_MPI_INCLUDELIST=''
FFTW_MPI_LIBLIST=''
FFTW_MPI_PROGLIST=''
FFTW_PREFIX1='xyz'
FFTW_PREFIX=''
FFTW_THREADS_INCLUDELIST=''
FFTW_THREADS_LIBLIST=''
FFTW_THREADS_PROGLIST=''
FLIBS=''
INSTALL_DATA='${INSTALL} -m 644'
INSTALL_PROGRAM='${INSTALL}'
INSTALL_SCRIPT='${INSTALL}'
INSTALL_STRIP_PROGRAM='${SHELL} $(install_sh) -c -s'
LDFLAGS=''
LIBOBJS=''
LIBS='-lm '
LIBTOOL='$(SHELL) $(top_builddir)/libtool'
LN_S='ln -s'
LTLIBOBJS=''
MAKEINFO='${SHELL} /home/pi/fftw-2.1.5/missing --run makeinfo'
MPICC='g++'
MPILIBS=''
OBJEXT='o'
PACKAGE='fftw'
PACKAGE_BUGREPORT=''
PACKAGE_NAME=''
PACKAGE_STRING=''
PACKAGE_TARNAME=''
PACKAGE_VERSION=''
PATH_SEPARATOR=':'
PERL='perl'
PTHREAD_CC=''
PTHREAD_CFLAGS=''
PTHREAD_LIBS=''
RANLIB='ranlib'
SET_MAKE=''
SHARED_VERSION='2.0.7'
SHARED_VERSION_INFO='2:7:0'
SHELL='/bin/bash'
STRIP='strip'
THREADLIBS=''
VERSION='2.1.5'
ac_ct_CC=''
ac_ct_F77=''
ac_ct_RANLIB='ranlib'
ac_ct_STRIP='strip'
am__fastdepCC_FALSE='#'
am__fastdepCC_TRUE=''
am__include='include'
am__leading_dot='.'
am__quote=''
bindir='${exec_prefix}/bin'
build='armv7l-unknown-linux-gnu'
build_alias=''
build_cpu='armv7l'
build_os='linux-gnu'
build_vendor='unknown'
datadir='${prefix}/share'
exec_prefix='${prefix}'
host='armv7l-unknown-linux-gnu'
host_alias=''
host_cpu='armv7l'
host_os='linux-gnu'
host_vendor='unknown'
includedir='${prefix}/include'
infodir='${prefix}/info'
install_sh='/home/pi/fftw-2.1.5/install-sh'
libdir='${exec_prefix}/lib'
libexecdir='${exec_prefix}/libexec'
localstatedir='${prefix}/var'
mandir='${prefix}/man'
oldincludedir='/usr/include'
prefix='/usr/local'
program_transform_name='s,x,x,'
sbindir='${exec_prefix}/sbin'
sharedstatedir='${prefix}/com'
sysconfdir='${prefix}/etc'
target_alias=''

## ----------- ##
## confdefs.h. ##
## ----------- ##

#define FFTW_ENABLE_FLOAT 1
#define FFTW_VERSION "2.1.5"
#define HAVE_ALLOCA 1
#define HAVE_ALLOCA_H 1
#define HAVE_DLFCN_H 1
#define HAVE_GETOPT 1
#define HAVE_GETOPT_H 1
#define HAVE_GETOPT_LONG 1
#define HAVE_GETTIMEOFDAY 1
#define HAVE_INTTYPES_H 1
#define HAVE_ISNAN 1
#define HAVE_LIBM 1
#define HAVE_MALLOC_H 1
#define HAVE_MEMORY_H 1
#define HAVE_STDINT_H 1
#define HAVE_STDLIB_H 1
#define HAVE_STRINGS_H 1
#define HAVE_STRING_H 1
#define HAVE_SYS_STAT_H 1
#define HAVE_SYS_TIME_H 1
#define HAVE_SYS_TYPES_H 1
#define HAVE_UNISTD_H 1
#define HAVE_UNISTD_H 1
#define PACKAGE "fftw"
#define PACKAGE_BUGREPORT ""
#define PACKAGE_NAME ""
#define PACKAGE_STRING ""
#define PACKAGE_TARNAME ""
#define PACKAGE_VERSION ""
#define SIZEOF_INT 4
#define SIZEOF_LONG_LONG 8
#define STDC_HEADERS 1
#define STDC_HEADERS 1
#define TIME_WITH_SYS_TIME 1
#define VERSION "2.1.5"
#endif
#ifdef __cplusplus
#include <stdlib.h>

configure: exit 0
